{"name":"Se genera una propuesta de Seguro Paramétrico","status":"skipped","statusDetails":{"known":false,"muted":false,"flaky":false,"message":"Could not invoke hook defined at 'ar.com.lasegunda.stepDefinitions.ReporteHook.iniciarEscenarioLog(io.cucumber.java.Scenario)'.\nIt appears there was a problem with the hook definition.\nThe details are in the stacktrace below.","trace":"io.cucumber.core.exception.CucumberException: Could not invoke hook defined at 'ar.com.lasegunda.stepDefinitions.ReporteHook.iniciarEscenarioLog(io.cucumber.java.Scenario)'.\nIt appears there was a problem with the hook definition.\nThe details are in the stacktrace below.\r\n\tat io.cucumber.core.runner.HookDefinitionMatch.couldNotInvokeHook(HookDefinitionMatch.java:29)\r\n\tat io.cucumber.core.runner.HookDefinitionMatch.runStep(HookDefinitionMatch.java:22)\r\n\tat io.cucumber.core.runner.TestStep.executeStep(TestStep.java:64)\r\n\tat io.cucumber.core.runner.TestStep.run(TestStep.java:49)\r\n\tat io.cucumber.core.runner.TestCase.run(TestCase.java:47)\r\n\tat io.cucumber.core.runner.Runner.runPickle(Runner.java:67)\r\n\tat io.cucumber.junit.PickleRunners$NoStepDescriptions.run(PickleRunners.java:149)\r\n\tat io.cucumber.junit.FeatureRunner.runChild(FeatureRunner.java:83)\r\n\tat io.cucumber.junit.FeatureRunner.runChild(FeatureRunner.java:24)\r\n\tat org.junit.runners.ParentRunner$3.run(ParentRunner.java:290)\r\n\tat org.junit.runners.ParentRunner$1.schedule(ParentRunner.java:71)\r\n\tat org.junit.runners.ParentRunner.runChildren(ParentRunner.java:288)\r\n\tat org.junit.runners.ParentRunner.access$000(ParentRunner.java:58)\r\n\tat org.junit.runners.ParentRunner$2.evaluate(ParentRunner.java:268)\r\n\tat org.junit.runners.ParentRunner.run(ParentRunner.java:363)\r\n\tat io.cucumber.junit.Cucumber.runChild(Cucumber.java:185)\r\n\tat io.cucumber.junit.Cucumber.runChild(Cucumber.java:83)\r\n\tat org.junit.runners.ParentRunner$3.run(ParentRunner.java:290)\r\n\tat org.junit.runners.ParentRunner$1.schedule(ParentRunner.java:71)\r\n\tat org.junit.runners.ParentRunner.runChildren(ParentRunner.java:288)\r\n\tat org.junit.runners.ParentRunner.access$000(ParentRunner.java:58)\r\n\tat org.junit.runners.ParentRunner$2.evaluate(ParentRunner.java:268)\r\n\tat io.cucumber.junit.Cucumber$RunCucumber.evaluate(Cucumber.java:219)\r\n\tat org.junit.internal.runners.statements.RunAfters.evaluate(RunAfters.java:27)\r\n\tat org.junit.runners.ParentRunner.run(ParentRunner.java:363)\r\n\tat org.eclipse.jdt.internal.junit4.runner.JUnit4TestReference.run(JUnit4TestReference.java:93)\r\n\tat org.eclipse.jdt.internal.junit.runner.TestExecution.run(TestExecution.java:40)\r\n\tat org.eclipse.jdt.internal.junit.runner.RemoteTestRunner.runTests(RemoteTestRunner.java:529)\r\n\tat org.eclipse.jdt.internal.junit.runner.RemoteTestRunner.runTests(RemoteTestRunner.java:756)\r\n\tat org.eclipse.jdt.internal.junit.runner.RemoteTestRunner.run(RemoteTestRunner.java:452)\r\n\tat org.eclipse.jdt.internal.junit.runner.RemoteTestRunner.main(RemoteTestRunner.java:210)\r\nCaused by: io.cucumber.core.backend.CucumberBackendException: Error creating bean with name 'ar.com.lasegunda.stepDefinitions.ReporteHook': Unsatisfied dependency expressed through field 'manejoErrores'; nested exception is org.springframework.beans.factory.UnsatisfiedDependencyException: Error creating bean with name 'manejoErrores': Unsatisfied dependency expressed through field 'driver'; nested exception is org.springframework.beans.factory.BeanCreationException: Error creating bean with name 'getDriver' defined in class path resource [ar/com/lasegunda/utiles/configuracionSpring/SpringConfig.class]: Bean instantiation via factory method failed; nested exception is org.springframework.beans.BeanInstantiationException: Failed to instantiate [org.openqa.selenium.WebDriver]: Factory method 'getDriver' threw exception; nested exception is org.openqa.selenium.SessionNotCreatedException: session not created: This version of ChromeDriver only supports Chrome version 94\nCurrent browser version is 93.0.4577.82 with binary path C:\\Program Files\\Google\\Chrome\\Application\\chrome.exe\nBuild info: version: '4.0.0-alpha-4', revision: 'c2d955b49e'\nSystem info: host: 'LAPTOP-MJUGMV72', ip: '10.8.48.251', os.name: 'Windows 10', os.arch: 'amd64', os.version: '10.0', java.version: '16.0.1'\nDriver info: driver.version: ChromeDriver\nremote stacktrace: Backtrace:\n\tOrdinal0 [0x0074B9D3+2472403]\n\tOrdinal0 [0x006E6961+2058593]\n\tOrdinal0 [0x005F22B8+1057464]\n\tOrdinal0 [0x006103FA+1180666]\n\tOrdinal0 [0x0060C2E5+1164005]\n\tOrdinal0 [0x00609B7F+1153919]\n\tOrdinal0 [0x0063997F+1350015]\n\tOrdinal0 [0x006395EA+1349098]\n\tOrdinal0 [0x0063545B+1332315]\n\tOrdinal0 [0x00611FB4+1187764]\n\tOrdinal0 [0x00612E09+1191433]\n\tGetHandleVerifier [0x008D3396+1551078]\n\tGetHandleVerifier [0x0097D53A+2247818]\n\tGetHandleVerifier [0x007D7FBB+521995]\n\tGetHandleVerifier [0x007D7079+518089]\n\tOrdinal0 [0x006EBD4D+2080077]\n\tOrdinal0 [0x006EFC18+2096152]\n\tOrdinal0 [0x006EFD52+2096466]\n\tOrdinal0 [0x006F94B1+2135217]\n\tBaseThreadInitThunk [0x7672FA29+25]\n\tRtlGetAppContainerNamedObjectPath [0x77077A9E+286]\n\tRtlGetAppContainerNamedObjectPath [0x77077A6E+238]\n\r\n\tat io.cucumber.spring.SpringFactory.getInstance(SpringFactory.java:175)\r\n\tat io.cucumber.java.JavaHookDefinition.execute(JavaHookDefinition.java:61)\r\n\tat io.cucumber.core.runner.CoreHookDefinition.execute(CoreHookDefinition.java:31)\r\n\tat io.cucumber.core.runner.HookDefinitionMatch.runStep(HookDefinitionMatch.java:20)\r\n\t... 29 more\r\nCaused by: org.springframework.beans.factory.UnsatisfiedDependencyException: Error creating bean with name 'ar.com.lasegunda.stepDefinitions.ReporteHook': Unsatisfied dependency expressed through field 'manejoErrores'; nested exception is org.springframework.beans.factory.UnsatisfiedDependencyException: Error creating bean with name 'manejoErrores': Unsatisfied dependency expressed through field 'driver'; nested exception is org.springframework.beans.factory.BeanCreationException: Error creating bean with name 'getDriver' defined in class path resource [ar/com/lasegunda/utiles/configuracionSpring/SpringConfig.class]: Bean instantiation via factory method failed; nested exception is org.springframework.beans.BeanInstantiationException: Failed to instantiate [org.openqa.selenium.WebDriver]: Factory method 'getDriver' threw exception; nested exception is org.openqa.selenium.SessionNotCreatedException: session not created: This version of ChromeDriver only supports Chrome version 94\nCurrent browser version is 93.0.4577.82 with binary path C:\\Program Files\\Google\\Chrome\\Application\\chrome.exe\nBuild info: version: '4.0.0-alpha-4', revision: 'c2d955b49e'\nSystem info: host: 'LAPTOP-MJUGMV72', ip: '10.8.48.251', os.name: 'Windows 10', os.arch: 'amd64', os.version: '10.0', java.version: '16.0.1'\nDriver info: driver.version: ChromeDriver\nremote stacktrace: Backtrace:\n\tOrdinal0 [0x0074B9D3+2472403]\n\tOrdinal0 [0x006E6961+2058593]\n\tOrdinal0 [0x005F22B8+1057464]\n\tOrdinal0 [0x006103FA+1180666]\n\tOrdinal0 [0x0060C2E5+1164005]\n\tOrdinal0 [0x00609B7F+1153919]\n\tOrdinal0 [0x0063997F+1350015]\n\tOrdinal0 [0x006395EA+1349098]\n\tOrdinal0 [0x0063545B+1332315]\n\tOrdinal0 [0x00611FB4+1187764]\n\tOrdinal0 [0x00612E09+1191433]\n\tGetHandleVerifier [0x008D3396+1551078]\n\tGetHandleVerifier [0x0097D53A+2247818]\n\tGetHandleVerifier [0x007D7FBB+521995]\n\tGetHandleVerifier [0x007D7079+518089]\n\tOrdinal0 [0x006EBD4D+2080077]\n\tOrdinal0 [0x006EFC18+2096152]\n\tOrdinal0 [0x006EFD52+2096466]\n\tOrdinal0 [0x006F94B1+2135217]\n\tBaseThreadInitThunk [0x7672FA29+25]\n\tRtlGetAppContainerNamedObjectPath [0x77077A9E+286]\n\tRtlGetAppContainerNamedObjectPath [0x77077A6E+238]\n\r\n\tat org.springframework.beans.factory.annotation.AutowiredAnnotationBeanPostProcessor$AutowiredFieldElement.inject(AutowiredAnnotationBeanPostProcessor.java:596)\r\n\tat org.springframework.beans.factory.annotation.InjectionMetadata.inject(InjectionMetadata.java:90)\r\n\tat org.springframework.beans.factory.annotation.AutowiredAnnotationBeanPostProcessor.postProcessProperties(AutowiredAnnotationBeanPostProcessor.java:374)\r\n\tat org.springframework.beans.factory.support.AbstractAutowireCapableBeanFactory.populateBean(AbstractAutowireCapableBeanFactory.java:1378)\r\n\tat org.springframework.beans.factory.support.AbstractAutowireCapableBeanFactory.doCreateBean(AbstractAutowireCapableBeanFactory.java:575)\r\n\tat org.springframework.beans.factory.support.AbstractAutowireCapableBeanFactory.createBean(AbstractAutowireCapableBeanFactory.java:498)\r\n\tat org.springframework.beans.factory.support.AbstractBeanFactory.lambda$doGetBean$1(AbstractBeanFactory.java:356)\r\n\tat io.cucumber.spring.GlueCodeScope.get(GlueCodeScope.java:13)\r\n\tat org.springframework.beans.factory.support.AbstractBeanFactory.doGetBean(AbstractBeanFactory.java:353)\r\n\tat org.springframework.beans.factory.support.AbstractBeanFactory.getBean(AbstractBeanFactory.java:224)\r\n\tat org.springframework.beans.factory.support.DefaultListableBeanFactory.resolveNamedBean(DefaultListableBeanFactory.java:1112)\r\n\tat org.springframework.beans.factory.support.DefaultListableBeanFactory.resolveBean(DefaultListableBeanFactory.java:407)\r\n\tat org.springframework.beans.factory.support.DefaultListableBeanFactory.getBean(DefaultListableBeanFactory.java:341)\r\n\tat org.springframework.beans.factory.support.DefaultListableBeanFactory.getBean(DefaultListableBeanFactory.java:335)\r\n\tat org.springframework.context.support.AbstractApplicationContext.getBean(AbstractApplicationContext.java:1101)\r\n\tat io.cucumber.spring.TestContextAdaptor.getInstance(TestContextAdaptor.java:69)\r\n\tat io.cucumber.spring.SpringFactory.getInstance(SpringFactory.java:173)\r\n\t... 32 more\r\nCaused by: org.springframework.beans.factory.UnsatisfiedDependencyException: Error creating bean with name 'manejoErrores': Unsatisfied dependency expressed through field 'driver'; nested exception is org.springframework.beans.factory.BeanCreationException: Error creating bean with name 'getDriver' defined in class path resource [ar/com/lasegunda/utiles/configuracionSpring/SpringConfig.class]: Bean instantiation via factory method failed; nested exception is org.springframework.beans.BeanInstantiationException: Failed to instantiate [org.openqa.selenium.WebDriver]: Factory method 'getDriver' threw exception; nested exception is org.openqa.selenium.SessionNotCreatedException: session not created: This version of ChromeDriver only supports Chrome version 94\nCurrent browser version is 93.0.4577.82 with binary path C:\\Program Files\\Google\\Chrome\\Application\\chrome.exe\nBuild info: version: '4.0.0-alpha-4', revision: 'c2d955b49e'\nSystem info: host: 'LAPTOP-MJUGMV72', ip: '10.8.48.251', os.name: 'Windows 10', os.arch: 'amd64', os.version: '10.0', java.version: '16.0.1'\nDriver info: driver.version: ChromeDriver\nremote stacktrace: Backtrace:\n\tOrdinal0 [0x0074B9D3+2472403]\n\tOrdinal0 [0x006E6961+2058593]\n\tOrdinal0 [0x005F22B8+1057464]\n\tOrdinal0 [0x006103FA+1180666]\n\tOrdinal0 [0x0060C2E5+1164005]\n\tOrdinal0 [0x00609B7F+1153919]\n\tOrdinal0 [0x0063997F+1350015]\n\tOrdinal0 [0x006395EA+1349098]\n\tOrdinal0 [0x0063545B+1332315]\n\tOrdinal0 [0x00611FB4+1187764]\n\tOrdinal0 [0x00612E09+1191433]\n\tGetHandleVerifier [0x008D3396+1551078]\n\tGetHandleVerifier [0x0097D53A+2247818]\n\tGetHandleVerifier [0x007D7FBB+521995]\n\tGetHandleVerifier [0x007D7079+518089]\n\tOrdinal0 [0x006EBD4D+2080077]\n\tOrdinal0 [0x006EFC18+2096152]\n\tOrdinal0 [0x006EFD52+2096466]\n\tOrdinal0 [0x006F94B1+2135217]\n\tBaseThreadInitThunk [0x7672FA29+25]\n\tRtlGetAppContainerNamedObjectPath [0x77077A9E+286]\n\tRtlGetAppContainerNamedObjectPath [0x77077A6E+238]\n\r\n\tat org.springframework.beans.factory.annotation.AutowiredAnnotationBeanPostProcessor$AutowiredFieldElement.inject(AutowiredAnnotationBeanPostProcessor.java:596)\r\n\tat org.springframework.beans.factory.annotation.InjectionMetadata.inject(InjectionMetadata.java:90)\r\n\tat org.springframework.beans.factory.annotation.AutowiredAnnotationBeanPostProcessor.postProcessProperties(AutowiredAnnotationBeanPostProcessor.java:374)\r\n\tat org.springframework.beans.factory.support.AbstractAutowireCapableBeanFactory.populateBean(AbstractAutowireCapableBeanFactory.java:1378)\r\n\tat org.springframework.beans.factory.support.AbstractAutowireCapableBeanFactory.doCreateBean(AbstractAutowireCapableBeanFactory.java:575)\r\n\tat org.springframework.beans.factory.support.AbstractAutowireCapableBeanFactory.createBean(AbstractAutowireCapableBeanFactory.java:498)\r\n\tat org.springframework.beans.factory.support.AbstractBeanFactory.lambda$doGetBean$1(AbstractBeanFactory.java:356)\r\n\tat io.cucumber.spring.GlueCodeScope.get(GlueCodeScope.java:13)\r\n\tat org.springframework.beans.factory.support.AbstractBeanFactory.doGetBean(AbstractBeanFactory.java:353)\r\n\tat org.springframework.beans.factory.support.AbstractBeanFactory.getBean(AbstractBeanFactory.java:199)\r\n\tat org.springframework.beans.factory.config.DependencyDescriptor.resolveCandidate(DependencyDescriptor.java:277)\r\n\tat org.springframework.beans.factory.support.DefaultListableBeanFactory.doResolveDependency(DefaultListableBeanFactory.java:1244)\r\n\tat org.springframework.beans.factory.support.DefaultListableBeanFactory.resolveDependency(DefaultListableBeanFactory.java:1164)\r\n\tat org.springframework.beans.factory.annotation.AutowiredAnnotationBeanPostProcessor$AutowiredFieldElement.inject(AutowiredAnnotationBeanPostProcessor.java:593)\r\n\t... 48 more\r\nCaused by: org.springframework.beans.factory.BeanCreationException: Error creating bean with name 'getDriver' defined in class path resource [ar/com/lasegunda/utiles/configuracionSpring/SpringConfig.class]: Bean instantiation via factory method failed; nested exception is org.springframework.beans.BeanInstantiationException: Failed to instantiate [org.openqa.selenium.WebDriver]: Factory method 'getDriver' threw exception; nested exception is org.openqa.selenium.SessionNotCreatedException: session not created: This version of ChromeDriver only supports Chrome version 94\nCurrent browser version is 93.0.4577.82 with binary path C:\\Program Files\\Google\\Chrome\\Application\\chrome.exe\nBuild info: version: '4.0.0-alpha-4', revision: 'c2d955b49e'\nSystem info: host: 'LAPTOP-MJUGMV72', ip: '10.8.48.251', os.name: 'Windows 10', os.arch: 'amd64', os.version: '10.0', java.version: '16.0.1'\nDriver info: driver.version: ChromeDriver\nremote stacktrace: Backtrace:\n\tOrdinal0 [0x0074B9D3+2472403]\n\tOrdinal0 [0x006E6961+2058593]\n\tOrdinal0 [0x005F22B8+1057464]\n\tOrdinal0 [0x006103FA+1180666]\n\tOrdinal0 [0x0060C2E5+1164005]\n\tOrdinal0 [0x00609B7F+1153919]\n\tOrdinal0 [0x0063997F+1350015]\n\tOrdinal0 [0x006395EA+1349098]\n\tOrdinal0 [0x0063545B+1332315]\n\tOrdinal0 [0x00611FB4+1187764]\n\tOrdinal0 [0x00612E09+1191433]\n\tGetHandleVerifier [0x008D3396+1551078]\n\tGetHandleVerifier [0x0097D53A+2247818]\n\tGetHandleVerifier [0x007D7FBB+521995]\n\tGetHandleVerifier [0x007D7079+518089]\n\tOrdinal0 [0x006EBD4D+2080077]\n\tOrdinal0 [0x006EFC18+2096152]\n\tOrdinal0 [0x006EFD52+2096466]\n\tOrdinal0 [0x006F94B1+2135217]\n\tBaseThreadInitThunk [0x7672FA29+25]\n\tRtlGetAppContainerNamedObjectPath [0x77077A9E+286]\n\tRtlGetAppContainerNamedObjectPath [0x77077A6E+238]\n\r\n\tat org.springframework.beans.factory.support.ConstructorResolver.instantiate(ConstructorResolver.java:627)\r\n\tat org.springframework.beans.factory.support.ConstructorResolver.instantiateUsingFactoryMethod(ConstructorResolver.java:456)\r\n\tat org.springframework.beans.factory.support.AbstractAutowireCapableBeanFactory.instantiateUsingFactoryMethod(AbstractAutowireCapableBeanFactory.java:1288)\r\n\tat org.springframework.beans.factory.support.AbstractAutowireCapableBeanFactory.createBeanInstance(AbstractAutowireCapableBeanFactory.java:1127)\r\n\tat org.springframework.beans.factory.support.AbstractAutowireCapableBeanFactory.doCreateBean(AbstractAutowireCapableBeanFactory.java:538)\r\n\tat org.springframework.beans.factory.support.AbstractAutowireCapableBeanFactory.createBean(AbstractAutowireCapableBeanFactory.java:498)\r\n\tat org.springframework.beans.factory.support.AbstractBeanFactory.lambda$doGetBean$1(AbstractBeanFactory.java:356)\r\n\tat io.cucumber.spring.GlueCodeScope.get(GlueCodeScope.java:13)\r\n\tat org.springframework.beans.factory.support.AbstractBeanFactory.doGetBean(AbstractBeanFactory.java:353)\r\n\tat org.springframework.beans.factory.support.AbstractBeanFactory.getBean(AbstractBeanFactory.java:199)\r\n\tat org.springframework.beans.factory.config.DependencyDescriptor.resolveCandidate(DependencyDescriptor.java:277)\r\n\tat org.springframework.beans.factory.support.DefaultListableBeanFactory.doResolveDependency(DefaultListableBeanFactory.java:1244)\r\n\tat org.springframework.beans.factory.support.DefaultListableBeanFactory.resolveDependency(DefaultListableBeanFactory.java:1164)\r\n\tat org.springframework.beans.factory.annotation.AutowiredAnnotationBeanPostProcessor$AutowiredFieldElement.inject(AutowiredAnnotationBeanPostProcessor.java:593)\r\n\t... 61 more\r\nCaused by: org.springframework.beans.BeanInstantiationException: Failed to instantiate [org.openqa.selenium.WebDriver]: Factory method 'getDriver' threw exception; nested exception is org.openqa.selenium.SessionNotCreatedException: session not created: This version of ChromeDriver only supports Chrome version 94\nCurrent browser version is 93.0.4577.82 with binary path C:\\Program Files\\Google\\Chrome\\Application\\chrome.exe\nBuild info: version: '4.0.0-alpha-4', revision: 'c2d955b49e'\nSystem info: host: 'LAPTOP-MJUGMV72', ip: '10.8.48.251', os.name: 'Windows 10', os.arch: 'amd64', os.version: '10.0', java.version: '16.0.1'\nDriver info: driver.version: ChromeDriver\nremote stacktrace: Backtrace:\n\tOrdinal0 [0x0074B9D3+2472403]\n\tOrdinal0 [0x006E6961+2058593]\n\tOrdinal0 [0x005F22B8+1057464]\n\tOrdinal0 [0x006103FA+1180666]\n\tOrdinal0 [0x0060C2E5+1164005]\n\tOrdinal0 [0x00609B7F+1153919]\n\tOrdinal0 [0x0063997F+1350015]\n\tOrdinal0 [0x006395EA+1349098]\n\tOrdinal0 [0x0063545B+1332315]\n\tOrdinal0 [0x00611FB4+1187764]\n\tOrdinal0 [0x00612E09+1191433]\n\tGetHandleVerifier [0x008D3396+1551078]\n\tGetHandleVerifier [0x0097D53A+2247818]\n\tGetHandleVerifier [0x007D7FBB+521995]\n\tGetHandleVerifier [0x007D7079+518089]\n\tOrdinal0 [0x006EBD4D+2080077]\n\tOrdinal0 [0x006EFC18+2096152]\n\tOrdinal0 [0x006EFD52+2096466]\n\tOrdinal0 [0x006F94B1+2135217]\n\tBaseThreadInitThunk [0x7672FA29+25]\n\tRtlGetAppContainerNamedObjectPath [0x77077A9E+286]\n\tRtlGetAppContainerNamedObjectPath [0x77077A6E+238]\n\r\n\tat org.springframework.beans.factory.support.SimpleInstantiationStrategy.instantiate(SimpleInstantiationStrategy.java:185)\r\n\tat org.springframework.beans.factory.support.ConstructorResolver.instantiate(ConstructorResolver.java:622)\r\n\t... 74 more\r\nCaused by: org.openqa.selenium.SessionNotCreatedException: session not created: This version of ChromeDriver only supports Chrome version 94\nCurrent browser version is 93.0.4577.82 with binary path C:\\Program Files\\Google\\Chrome\\Application\\chrome.exe\nBuild info: version: '4.0.0-alpha-4', revision: 'c2d955b49e'\nSystem info: host: 'LAPTOP-MJUGMV72', ip: '10.8.48.251', os.name: 'Windows 10', os.arch: 'amd64', os.version: '10.0', java.version: '16.0.1'\nDriver info: driver.version: ChromeDriver\nremote stacktrace: Backtrace:\n\tOrdinal0 [0x0074B9D3+2472403]\n\tOrdinal0 [0x006E6961+2058593]\n\tOrdinal0 [0x005F22B8+1057464]\n\tOrdinal0 [0x006103FA+1180666]\n\tOrdinal0 [0x0060C2E5+1164005]\n\tOrdinal0 [0x00609B7F+1153919]\n\tOrdinal0 [0x0063997F+1350015]\n\tOrdinal0 [0x006395EA+1349098]\n\tOrdinal0 [0x0063545B+1332315]\n\tOrdinal0 [0x00611FB4+1187764]\n\tOrdinal0 [0x00612E09+1191433]\n\tGetHandleVerifier [0x008D3396+1551078]\n\tGetHandleVerifier [0x0097D53A+2247818]\n\tGetHandleVerifier [0x007D7FBB+521995]\n\tGetHandleVerifier [0x007D7079+518089]\n\tOrdinal0 [0x006EBD4D+2080077]\n\tOrdinal0 [0x006EFC18+2096152]\n\tOrdinal0 [0x006EFD52+2096466]\n\tOrdinal0 [0x006F94B1+2135217]\n\tBaseThreadInitThunk [0x7672FA29+25]\n\tRtlGetAppContainerNamedObjectPath [0x77077A9E+286]\n\tRtlGetAppContainerNamedObjectPath [0x77077A6E+238]\n\r\n\tat java.base/jdk.internal.reflect.NativeConstructorAccessorImpl.newInstance0(Native Method)\r\n\tat java.base/jdk.internal.reflect.NativeConstructorAccessorImpl.newInstance(NativeConstructorAccessorImpl.java:78)\r\n\tat java.base/jdk.internal.reflect.DelegatingConstructorAccessorImpl.newInstance(DelegatingConstructorAccessorImpl.java:45)\r\n\tat java.base/java.lang.reflect.Constructor.newInstanceWithCaller(Constructor.java:499)\r\n\tat java.base/java.lang.reflect.Constructor.newInstance(Constructor.java:480)\r\n\tat org.openqa.selenium.remote.W3CHandshakeResponse.lambda$errorHandler$0(W3CHandshakeResponse.java:62)\r\n\tat org.openqa.selenium.remote.HandshakeResponse.lambda$getResponseFunction$0(HandshakeResponse.java:30)\r\n\tat org.openqa.selenium.remote.ProtocolHandshake.lambda$createSession$1(ProtocolHandshake.java:126)\r\n\tat java.base/java.util.stream.ReferencePipeline$3$1.accept(ReferencePipeline.java:197)\r\n\tat java.base/java.util.Spliterators$ArraySpliterator.tryAdvance(Spliterators.java:958)\r\n\tat java.base/java.util.stream.ReferencePipeline.forEachWithCancel(ReferencePipeline.java:129)\r\n\tat java.base/java.util.stream.AbstractPipeline.copyIntoWithCancel(AbstractPipeline.java:502)\r\n\tat java.base/java.util.stream.AbstractPipeline.copyInto(AbstractPipeline.java:488)\r\n\tat java.base/java.util.stream.AbstractPipeline.wrapAndCopyInto(AbstractPipeline.java:474)\r\n\tat java.base/java.util.stream.FindOps$FindOp.evaluateSequential(FindOps.java:150)\r\n\tat java.base/java.util.stream.AbstractPipeline.evaluate(AbstractPipeline.java:234)\r\n\tat java.base/java.util.stream.ReferencePipeline.findFirst(ReferencePipeline.java:647)\r\n\tat org.openqa.selenium.remote.ProtocolHandshake.createSession(ProtocolHandshake.java:128)\r\n\tat org.openqa.selenium.remote.ProtocolHandshake.createSession(ProtocolHandshake.java:75)\r\n\tat org.openqa.selenium.remote.HttpCommandExecutor.execute(HttpCommandExecutor.java:139)\r\n\tat org.openqa.selenium.remote.service.DriverCommandExecutor.execute(DriverCommandExecutor.java:83)\r\n\tat org.openqa.selenium.remote.RemoteWebDriver.execute(RemoteWebDriver.java:582)\r\n\tat org.openqa.selenium.remote.RemoteWebDriver.startSession(RemoteWebDriver.java:216)\r\n\tat org.openqa.selenium.remote.RemoteWebDriver.<init>(RemoteWebDriver.java:136)\r\n\tat org.openqa.selenium.chromium.ChromiumDriver.<init>(ChromiumDriver.java:75)\r\n\tat org.openqa.selenium.chrome.ChromeDriver.<init>(ChromeDriver.java:163)\r\n\tat org.openqa.selenium.chrome.ChromeDriver.<init>(ChromeDriver.java:150)\r\n\tat org.openqa.selenium.chrome.ChromeDriver.<init>(ChromeDriver.java:105)\r\n\tat ar.com.lasegunda.utiles.driversBrowser.ChromeDriverManager.createDriver(ChromeDriverManager.java:12)\r\n\tat ar.com.lasegunda.utiles.driversBrowser.DriverManager.getDriver(DriverManager.java:18)\r\n\tat ar.com.lasegunda.utiles.configuracionSpring.SpringConfig.getDriver(SpringConfig.java:40)\r\n\tat ar.com.lasegunda.utiles.configuracionSpring.SpringConfig$$EnhancerBySpringCGLIB$$cea54ac7.CGLIB$getDriver$1(<generated>)\r\n\tat ar.com.lasegunda.utiles.configuracionSpring.SpringConfig$$EnhancerBySpringCGLIB$$cea54ac7$$FastClassBySpringCGLIB$$7dcdf2eb.invoke(<generated>)\r\n\tat org.springframework.cglib.proxy.MethodProxy.invokeSuper(MethodProxy.java:244)\r\n\tat org.springframework.context.annotation.ConfigurationClassEnhancer$BeanMethodInterceptor.intercept(ConfigurationClassEnhancer.java:363)\r\n\tat ar.com.lasegunda.utiles.configuracionSpring.SpringConfig$$EnhancerBySpringCGLIB$$cea54ac7.getDriver(<generated>)\r\n\tat java.base/jdk.internal.reflect.NativeMethodAccessorImpl.invoke0(Native Method)\r\n\tat java.base/jdk.internal.reflect.NativeMethodAccessorImpl.invoke(NativeMethodAccessorImpl.java:78)\r\n\tat java.base/jdk.internal.reflect.DelegatingMethodAccessorImpl.invoke(DelegatingMethodAccessorImpl.java:43)\r\n\tat java.base/java.lang.reflect.Method.invoke(Method.java:567)\r\n\tat org.springframework.beans.factory.support.SimpleInstantiationStrategy.instantiate(SimpleInstantiationStrategy.java:154)\r\n\t... 75 more\r\n"},"stage":"finished","steps":[{"name":"Given  Un usuario que ingresa a la pagina \"https://segurosparametricosagro-desa.npapps.lasegunda.com.ar/\"","status":"skipped","statusDetails":{"known":false,"muted":false,"flaky":false},"stage":"finished","steps":[],"attachments":[],"parameters":[],"start":1632489267975,"stop":1632489267979},{"name":"And  Completa  los campos y presiona ingresar","status":"skipped","statusDetails":{"known":false,"muted":false,"flaky":false},"stage":"finished","steps":[],"attachments":[{"name":"Data table","source":"b2ab68a8-cc8c-4a17-be5e-065152ee9b99-attachment.csv","type":"text/tab-separated-values"}],"parameters":[],"start":1632489267980,"stop":1632489267984},{"name":"When  Completa los Datos Mímimos de Cotizacion","status":"skipped","statusDetails":{"known":false,"muted":false,"flaky":false},"stage":"finished","steps":[],"attachments":[{"name":"Data table","source":"65ed0356-c8af-4a90-bd44-6711f174c728-attachment.csv","type":"text/tab-separated-values"}],"parameters":[],"start":1632489267985,"stop":1632489267987},{"name":"And  Presiona Continuar","status":"skipped","statusDetails":{"known":false,"muted":false,"flaky":false},"stage":"finished","steps":[],"attachments":[],"parameters":[],"start":1632489267987,"stop":1632489267987},{"name":"And  Presiona NUEVA COTIZACION","status":"skipped","statusDetails":{"known":false,"muted":false,"flaky":false},"stage":"finished","steps":[],"attachments":[],"parameters":[],"start":1632489267988,"stop":1632489267988},{"name":"When  Completa los DATOS DE LOCALIZACION DEL BIEN ASEGURABLE","status":"skipped","statusDetails":{"known":false,"muted":false,"flaky":false},"stage":"finished","steps":[],"attachments":[{"name":"Data table","source":"55201deb-0571-4cf1-a099-21df716e08ef-attachment.csv","type":"text/tab-separated-values"}],"parameters":[],"start":1632489267988,"stop":1632489267989},{"name":"And  Presiona SIGUIENTE","status":"skipped","statusDetails":{"known":false,"muted":false,"flaky":false},"stage":"finished","steps":[],"attachments":[],"parameters":[],"start":1632489267989,"stop":1632489267990},{"name":"When  Selecciona como cultivo la opcion \"Soja Primera\"","status":"skipped","statusDetails":{"known":false,"muted":false,"flaky":false},"stage":"finished","steps":[],"attachments":[],"parameters":[],"start":1632489267990,"stop":1632489267990},{"name":"And  Completa los VALORES DEL BIEN ASEGURABLE","status":"skipped","statusDetails":{"known":false,"muted":false,"flaky":false},"stage":"finished","steps":[],"attachments":[{"name":"Data table","source":"b1ddf6be-3a66-4920-88d4-800eab573731-attachment.csv","type":"text/tab-separated-values"}],"parameters":[],"start":1632489267990,"stop":1632489267991},{"name":"And  Se selcciona como opcion de banda la opcion \"Doble Banda\"","status":"skipped","statusDetails":{"known":false,"muted":false,"flaky":false},"stage":"finished","steps":[],"attachments":[],"parameters":[],"start":1632489267992,"stop":1632489267992},{"name":"And  Presiona Continuar","status":"skipped","statusDetails":{"known":false,"muted":false,"flaky":false},"stage":"finished","steps":[],"attachments":[],"parameters":[],"start":1632489267992,"stop":1632489267992},{"name":"When  Se completan los datos del Tomador","status":"skipped","statusDetails":{"known":false,"muted":false,"flaky":false},"stage":"finished","steps":[],"attachments":[{"name":"Data table","source":"0edc7673-0d1b-44cc-9dff-f48e87c91460-attachment.csv","type":"text/tab-separated-values"}],"parameters":[],"start":1632489267993,"stop":1632489267994},{"name":"When  Se completan los datos del Asegurado usando datos del Tomador","status":"skipped","statusDetails":{"known":false,"muted":false,"flaky":false},"stage":"finished","steps":[],"attachments":[],"parameters":[],"start":1632489267994,"stop":1632489267994},{"name":"And  Presiona Continuar","status":"skipped","statusDetails":{"known":false,"muted":false,"flaky":false},"stage":"finished","steps":[],"attachments":[],"parameters":[],"start":1632489267994,"stop":1632489267994},{"name":"Then  Se valida que en el Resumen se muestren correctamente los datos del bien asegurable","status":"skipped","statusDetails":{"known":false,"muted":false,"flaky":false},"stage":"finished","steps":[],"attachments":[],"parameters":[],"start":1632489267995,"stop":1632489267995}],"attachments":[],"parameters":[],"start":1632489266290,"stop":1632489269854,"uuid":"258ff54f-eb2b-4c0d-8acf-00a078099a02","historyId":"b91a12ce8ee3d8399cc14326a9e9ea1b","fullName":"GRANIZO - SEGURO PARAMETRICO: Se genera una propuesta de Seguro Paramétrico","labels":[{"name":"tag","value":"High"},{"name":"host","value":"LAPTOP-MJUGMV72"},{"name":"thread","value":"15724@LAPTOP-MJUGMV72.main(1)"},{"name":"feature","value":"GRANIZO - SEGURO PARAMETRICO"},{"name":"story","value":"Se genera una propuesta de Seguro Paramétrico"},{"name":"suite","value":"GRANIZO - SEGURO PARAMETRICO"},{"name":"testClass","value":"Se genera una propuesta de Seguro Paramétrico"},{"name":"framework","value":"cucumber4jvm"},{"name":"language","value":"java"},{"name":"gherkin_uri","value":"file:///C:/Users/Nicolas/Desktop/CESIG/template_web_spring/src/test/resources/features/Generico.feature"},{"name":"package","value":"src.test.resources.features.Generico_feature.GRANIZO - SEGURO PARAMETRICO"}],"links":[]}