{"name":"Se genera una propuesta de Seguro Paramétrico","status":"skipped","statusDetails":{"known":false,"muted":false,"flaky":false,"message":"Could not invoke hook defined at 'ar.com.lasegunda.stepDefinitions.ReporteHook.iniciarEscenarioLog(io.cucumber.java.Scenario)'.\nIt appears there was a problem with the hook definition.\nThe details are in the stacktrace below.","trace":"io.cucumber.core.exception.CucumberException: Could not invoke hook defined at 'ar.com.lasegunda.stepDefinitions.ReporteHook.iniciarEscenarioLog(io.cucumber.java.Scenario)'.\nIt appears there was a problem with the hook definition.\nThe details are in the stacktrace below.\r\n\tat io.cucumber.core.runner.HookDefinitionMatch.couldNotInvokeHook(HookDefinitionMatch.java:29)\r\n\tat io.cucumber.core.runner.HookDefinitionMatch.runStep(HookDefinitionMatch.java:22)\r\n\tat io.cucumber.core.runner.TestStep.executeStep(TestStep.java:64)\r\n\tat io.cucumber.core.runner.TestStep.run(TestStep.java:49)\r\n\tat io.cucumber.core.runner.TestCase.run(TestCase.java:47)\r\n\tat io.cucumber.core.runner.Runner.runPickle(Runner.java:67)\r\n\tat io.cucumber.junit.PickleRunners$NoStepDescriptions.run(PickleRunners.java:149)\r\n\tat io.cucumber.junit.FeatureRunner.runChild(FeatureRunner.java:83)\r\n\tat io.cucumber.junit.FeatureRunner.runChild(FeatureRunner.java:24)\r\n\tat org.junit.runners.ParentRunner$3.run(ParentRunner.java:290)\r\n\tat org.junit.runners.ParentRunner$1.schedule(ParentRunner.java:71)\r\n\tat org.junit.runners.ParentRunner.runChildren(ParentRunner.java:288)\r\n\tat org.junit.runners.ParentRunner.access$000(ParentRunner.java:58)\r\n\tat org.junit.runners.ParentRunner$2.evaluate(ParentRunner.java:268)\r\n\tat org.junit.runners.ParentRunner.run(ParentRunner.java:363)\r\n\tat io.cucumber.junit.Cucumber.runChild(Cucumber.java:185)\r\n\tat io.cucumber.junit.Cucumber.runChild(Cucumber.java:83)\r\n\tat org.junit.runners.ParentRunner$3.run(ParentRunner.java:290)\r\n\tat org.junit.runners.ParentRunner$1.schedule(ParentRunner.java:71)\r\n\tat org.junit.runners.ParentRunner.runChildren(ParentRunner.java:288)\r\n\tat org.junit.runners.ParentRunner.access$000(ParentRunner.java:58)\r\n\tat org.junit.runners.ParentRunner$2.evaluate(ParentRunner.java:268)\r\n\tat io.cucumber.junit.Cucumber$RunCucumber.evaluate(Cucumber.java:219)\r\n\tat org.junit.internal.runners.statements.RunAfters.evaluate(RunAfters.java:27)\r\n\tat org.junit.runners.ParentRunner.run(ParentRunner.java:363)\r\n\tat org.eclipse.jdt.internal.junit4.runner.JUnit4TestReference.run(JUnit4TestReference.java:93)\r\n\tat org.eclipse.jdt.internal.junit.runner.TestExecution.run(TestExecution.java:40)\r\n\tat org.eclipse.jdt.internal.junit.runner.RemoteTestRunner.runTests(RemoteTestRunner.java:529)\r\n\tat org.eclipse.jdt.internal.junit.runner.RemoteTestRunner.runTests(RemoteTestRunner.java:756)\r\n\tat org.eclipse.jdt.internal.junit.runner.RemoteTestRunner.run(RemoteTestRunner.java:452)\r\n\tat org.eclipse.jdt.internal.junit.runner.RemoteTestRunner.main(RemoteTestRunner.java:210)\r\nCaused by: io.cucumber.core.backend.CucumberBackendException: Error creating bean with name 'ar.com.lasegunda.stepDefinitions.ReporteHook': Unsatisfied dependency expressed through field 'manejoErrores'; nested exception is org.springframework.beans.factory.UnsatisfiedDependencyException: Error creating bean with name 'manejoErrores': Unsatisfied dependency expressed through field 'driver'; nested exception is org.springframework.beans.factory.BeanCreationException: Error creating bean with name 'getDriver' defined in class path resource [ar/com/lasegunda/utiles/configuracionSpring/SpringConfig.class]: Bean instantiation via factory method failed; nested exception is org.springframework.beans.BeanInstantiationException: Failed to instantiate [org.openqa.selenium.WebDriver]: Factory method 'getDriver' threw exception; nested exception is org.openqa.selenium.SessionNotCreatedException: session not created: This version of ChromeDriver only supports Chrome version 89\nCurrent browser version is 93.0.4577.82 with binary path C:\\Program Files\\Google\\Chrome\\Application\\chrome.exe\nBuild info: version: '4.0.0-alpha-4', revision: 'c2d955b49e'\nSystem info: host: 'LAPTOP-MJUGMV72', ip: '10.8.48.251', os.name: 'Windows 10', os.arch: 'amd64', os.version: '10.0', java.version: '16.0.1'\nDriver info: driver.version: ChromeDriver\nremote stacktrace: Backtrace:\n\tOrdinal0 [0x00A4E7D3+124883]\n\tOrdinal0 [0x00A4E7B1+124849]\n\tGetHandleVerifier [0x00C98688+193832]\n\tGetHandleVerifier [0x00CB3AC5+305509]\n\tGetHandleVerifier [0x00CB021B+291003]\n\tGetHandleVerifier [0x00CAE0AC+282444]\n\tGetHandleVerifier [0x00CD4A90+440624]\n\tGetHandleVerifier [0x00CD47FC+439964]\n\tGetHandleVerifier [0x00CD154B+426987]\n\tGetHandleVerifier [0x00CB4FFD+310941]\n\tGetHandleVerifier [0x00CB5D8E+314414]\n\tGetHandleVerifier [0x00CB5D19+314297]\n\tGetHandleVerifier [0x00D731EC+1089676]\n\tGetHandleVerifier [0x00D717C9+1082985]\n\tGetHandleVerifier [0x00D713A3+1081923]\n\tGetHandleVerifier [0x00E6D9FD+2115741]\n\tOrdinal0 [0x00B9B82E+1488942]\n\tOrdinal0 [0x00B35A7D+1071741]\n\tOrdinal0 [0x00B3559B+1070491]\n\tOrdinal0 [0x00B354B1+1070257]\n\tOrdinal0 [0x00B6FF53+1310547]\n\tBaseThreadInitThunk [0x7672FA29+25]\n\tRtlGetAppContainerNamedObjectPath [0x77077A9E+286]\n\tRtlGetAppContainerNamedObjectPath [0x77077A6E+238]\n\r\n\tat io.cucumber.spring.SpringFactory.getInstance(SpringFactory.java:175)\r\n\tat io.cucumber.java.JavaHookDefinition.execute(JavaHookDefinition.java:61)\r\n\tat io.cucumber.core.runner.CoreHookDefinition.execute(CoreHookDefinition.java:31)\r\n\tat io.cucumber.core.runner.HookDefinitionMatch.runStep(HookDefinitionMatch.java:20)\r\n\t... 29 more\r\nCaused by: org.springframework.beans.factory.UnsatisfiedDependencyException: Error creating bean with name 'ar.com.lasegunda.stepDefinitions.ReporteHook': Unsatisfied dependency expressed through field 'manejoErrores'; nested exception is org.springframework.beans.factory.UnsatisfiedDependencyException: Error creating bean with name 'manejoErrores': Unsatisfied dependency expressed through field 'driver'; nested exception is org.springframework.beans.factory.BeanCreationException: Error creating bean with name 'getDriver' defined in class path resource [ar/com/lasegunda/utiles/configuracionSpring/SpringConfig.class]: Bean instantiation via factory method failed; nested exception is org.springframework.beans.BeanInstantiationException: Failed to instantiate [org.openqa.selenium.WebDriver]: Factory method 'getDriver' threw exception; nested exception is org.openqa.selenium.SessionNotCreatedException: session not created: This version of ChromeDriver only supports Chrome version 89\nCurrent browser version is 93.0.4577.82 with binary path C:\\Program Files\\Google\\Chrome\\Application\\chrome.exe\nBuild info: version: '4.0.0-alpha-4', revision: 'c2d955b49e'\nSystem info: host: 'LAPTOP-MJUGMV72', ip: '10.8.48.251', os.name: 'Windows 10', os.arch: 'amd64', os.version: '10.0', java.version: '16.0.1'\nDriver info: driver.version: ChromeDriver\nremote stacktrace: Backtrace:\n\tOrdinal0 [0x00A4E7D3+124883]\n\tOrdinal0 [0x00A4E7B1+124849]\n\tGetHandleVerifier [0x00C98688+193832]\n\tGetHandleVerifier [0x00CB3AC5+305509]\n\tGetHandleVerifier [0x00CB021B+291003]\n\tGetHandleVerifier [0x00CAE0AC+282444]\n\tGetHandleVerifier [0x00CD4A90+440624]\n\tGetHandleVerifier [0x00CD47FC+439964]\n\tGetHandleVerifier [0x00CD154B+426987]\n\tGetHandleVerifier [0x00CB4FFD+310941]\n\tGetHandleVerifier [0x00CB5D8E+314414]\n\tGetHandleVerifier [0x00CB5D19+314297]\n\tGetHandleVerifier [0x00D731EC+1089676]\n\tGetHandleVerifier [0x00D717C9+1082985]\n\tGetHandleVerifier [0x00D713A3+1081923]\n\tGetHandleVerifier [0x00E6D9FD+2115741]\n\tOrdinal0 [0x00B9B82E+1488942]\n\tOrdinal0 [0x00B35A7D+1071741]\n\tOrdinal0 [0x00B3559B+1070491]\n\tOrdinal0 [0x00B354B1+1070257]\n\tOrdinal0 [0x00B6FF53+1310547]\n\tBaseThreadInitThunk [0x7672FA29+25]\n\tRtlGetAppContainerNamedObjectPath [0x77077A9E+286]\n\tRtlGetAppContainerNamedObjectPath [0x77077A6E+238]\n\r\n\tat org.springframework.beans.factory.annotation.AutowiredAnnotationBeanPostProcessor$AutowiredFieldElement.inject(AutowiredAnnotationBeanPostProcessor.java:596)\r\n\tat org.springframework.beans.factory.annotation.InjectionMetadata.inject(InjectionMetadata.java:90)\r\n\tat org.springframework.beans.factory.annotation.AutowiredAnnotationBeanPostProcessor.postProcessProperties(AutowiredAnnotationBeanPostProcessor.java:374)\r\n\tat org.springframework.beans.factory.support.AbstractAutowireCapableBeanFactory.populateBean(AbstractAutowireCapableBeanFactory.java:1378)\r\n\tat org.springframework.beans.factory.support.AbstractAutowireCapableBeanFactory.doCreateBean(AbstractAutowireCapableBeanFactory.java:575)\r\n\tat org.springframework.beans.factory.support.AbstractAutowireCapableBeanFactory.createBean(AbstractAutowireCapableBeanFactory.java:498)\r\n\tat org.springframework.beans.factory.support.AbstractBeanFactory.lambda$doGetBean$1(AbstractBeanFactory.java:356)\r\n\tat io.cucumber.spring.GlueCodeScope.get(GlueCodeScope.java:13)\r\n\tat org.springframework.beans.factory.support.AbstractBeanFactory.doGetBean(AbstractBeanFactory.java:353)\r\n\tat org.springframework.beans.factory.support.AbstractBeanFactory.getBean(AbstractBeanFactory.java:224)\r\n\tat org.springframework.beans.factory.support.DefaultListableBeanFactory.resolveNamedBean(DefaultListableBeanFactory.java:1112)\r\n\tat org.springframework.beans.factory.support.DefaultListableBeanFactory.resolveBean(DefaultListableBeanFactory.java:407)\r\n\tat org.springframework.beans.factory.support.DefaultListableBeanFactory.getBean(DefaultListableBeanFactory.java:341)\r\n\tat org.springframework.beans.factory.support.DefaultListableBeanFactory.getBean(DefaultListableBeanFactory.java:335)\r\n\tat org.springframework.context.support.AbstractApplicationContext.getBean(AbstractApplicationContext.java:1101)\r\n\tat io.cucumber.spring.TestContextAdaptor.getInstance(TestContextAdaptor.java:69)\r\n\tat io.cucumber.spring.SpringFactory.getInstance(SpringFactory.java:173)\r\n\t... 32 more\r\nCaused by: org.springframework.beans.factory.UnsatisfiedDependencyException: Error creating bean with name 'manejoErrores': Unsatisfied dependency expressed through field 'driver'; nested exception is org.springframework.beans.factory.BeanCreationException: Error creating bean with name 'getDriver' defined in class path resource [ar/com/lasegunda/utiles/configuracionSpring/SpringConfig.class]: Bean instantiation via factory method failed; nested exception is org.springframework.beans.BeanInstantiationException: Failed to instantiate [org.openqa.selenium.WebDriver]: Factory method 'getDriver' threw exception; nested exception is org.openqa.selenium.SessionNotCreatedException: session not created: This version of ChromeDriver only supports Chrome version 89\nCurrent browser version is 93.0.4577.82 with binary path C:\\Program Files\\Google\\Chrome\\Application\\chrome.exe\nBuild info: version: '4.0.0-alpha-4', revision: 'c2d955b49e'\nSystem info: host: 'LAPTOP-MJUGMV72', ip: '10.8.48.251', os.name: 'Windows 10', os.arch: 'amd64', os.version: '10.0', java.version: '16.0.1'\nDriver info: driver.version: ChromeDriver\nremote stacktrace: Backtrace:\n\tOrdinal0 [0x00A4E7D3+124883]\n\tOrdinal0 [0x00A4E7B1+124849]\n\tGetHandleVerifier [0x00C98688+193832]\n\tGetHandleVerifier [0x00CB3AC5+305509]\n\tGetHandleVerifier [0x00CB021B+291003]\n\tGetHandleVerifier [0x00CAE0AC+282444]\n\tGetHandleVerifier [0x00CD4A90+440624]\n\tGetHandleVerifier [0x00CD47FC+439964]\n\tGetHandleVerifier [0x00CD154B+426987]\n\tGetHandleVerifier [0x00CB4FFD+310941]\n\tGetHandleVerifier [0x00CB5D8E+314414]\n\tGetHandleVerifier [0x00CB5D19+314297]\n\tGetHandleVerifier [0x00D731EC+1089676]\n\tGetHandleVerifier [0x00D717C9+1082985]\n\tGetHandleVerifier [0x00D713A3+1081923]\n\tGetHandleVerifier [0x00E6D9FD+2115741]\n\tOrdinal0 [0x00B9B82E+1488942]\n\tOrdinal0 [0x00B35A7D+1071741]\n\tOrdinal0 [0x00B3559B+1070491]\n\tOrdinal0 [0x00B354B1+1070257]\n\tOrdinal0 [0x00B6FF53+1310547]\n\tBaseThreadInitThunk [0x7672FA29+25]\n\tRtlGetAppContainerNamedObjectPath [0x77077A9E+286]\n\tRtlGetAppContainerNamedObjectPath [0x77077A6E+238]\n\r\n\tat org.springframework.beans.factory.annotation.AutowiredAnnotationBeanPostProcessor$AutowiredFieldElement.inject(AutowiredAnnotationBeanPostProcessor.java:596)\r\n\tat org.springframework.beans.factory.annotation.InjectionMetadata.inject(InjectionMetadata.java:90)\r\n\tat org.springframework.beans.factory.annotation.AutowiredAnnotationBeanPostProcessor.postProcessProperties(AutowiredAnnotationBeanPostProcessor.java:374)\r\n\tat org.springframework.beans.factory.support.AbstractAutowireCapableBeanFactory.populateBean(AbstractAutowireCapableBeanFactory.java:1378)\r\n\tat org.springframework.beans.factory.support.AbstractAutowireCapableBeanFactory.doCreateBean(AbstractAutowireCapableBeanFactory.java:575)\r\n\tat org.springframework.beans.factory.support.AbstractAutowireCapableBeanFactory.createBean(AbstractAutowireCapableBeanFactory.java:498)\r\n\tat org.springframework.beans.factory.support.AbstractBeanFactory.lambda$doGetBean$1(AbstractBeanFactory.java:356)\r\n\tat io.cucumber.spring.GlueCodeScope.get(GlueCodeScope.java:13)\r\n\tat org.springframework.beans.factory.support.AbstractBeanFactory.doGetBean(AbstractBeanFactory.java:353)\r\n\tat org.springframework.beans.factory.support.AbstractBeanFactory.getBean(AbstractBeanFactory.java:199)\r\n\tat org.springframework.beans.factory.config.DependencyDescriptor.resolveCandidate(DependencyDescriptor.java:277)\r\n\tat org.springframework.beans.factory.support.DefaultListableBeanFactory.doResolveDependency(DefaultListableBeanFactory.java:1244)\r\n\tat org.springframework.beans.factory.support.DefaultListableBeanFactory.resolveDependency(DefaultListableBeanFactory.java:1164)\r\n\tat org.springframework.beans.factory.annotation.AutowiredAnnotationBeanPostProcessor$AutowiredFieldElement.inject(AutowiredAnnotationBeanPostProcessor.java:593)\r\n\t... 48 more\r\nCaused by: org.springframework.beans.factory.BeanCreationException: Error creating bean with name 'getDriver' defined in class path resource [ar/com/lasegunda/utiles/configuracionSpring/SpringConfig.class]: Bean instantiation via factory method failed; nested exception is org.springframework.beans.BeanInstantiationException: Failed to instantiate [org.openqa.selenium.WebDriver]: Factory method 'getDriver' threw exception; nested exception is org.openqa.selenium.SessionNotCreatedException: session not created: This version of ChromeDriver only supports Chrome version 89\nCurrent browser version is 93.0.4577.82 with binary path C:\\Program Files\\Google\\Chrome\\Application\\chrome.exe\nBuild info: version: '4.0.0-alpha-4', revision: 'c2d955b49e'\nSystem info: host: 'LAPTOP-MJUGMV72', ip: '10.8.48.251', os.name: 'Windows 10', os.arch: 'amd64', os.version: '10.0', java.version: '16.0.1'\nDriver info: driver.version: ChromeDriver\nremote stacktrace: Backtrace:\n\tOrdinal0 [0x00A4E7D3+124883]\n\tOrdinal0 [0x00A4E7B1+124849]\n\tGetHandleVerifier [0x00C98688+193832]\n\tGetHandleVerifier [0x00CB3AC5+305509]\n\tGetHandleVerifier [0x00CB021B+291003]\n\tGetHandleVerifier [0x00CAE0AC+282444]\n\tGetHandleVerifier [0x00CD4A90+440624]\n\tGetHandleVerifier [0x00CD47FC+439964]\n\tGetHandleVerifier [0x00CD154B+426987]\n\tGetHandleVerifier [0x00CB4FFD+310941]\n\tGetHandleVerifier [0x00CB5D8E+314414]\n\tGetHandleVerifier [0x00CB5D19+314297]\n\tGetHandleVerifier [0x00D731EC+1089676]\n\tGetHandleVerifier [0x00D717C9+1082985]\n\tGetHandleVerifier [0x00D713A3+1081923]\n\tGetHandleVerifier [0x00E6D9FD+2115741]\n\tOrdinal0 [0x00B9B82E+1488942]\n\tOrdinal0 [0x00B35A7D+1071741]\n\tOrdinal0 [0x00B3559B+1070491]\n\tOrdinal0 [0x00B354B1+1070257]\n\tOrdinal0 [0x00B6FF53+1310547]\n\tBaseThreadInitThunk [0x7672FA29+25]\n\tRtlGetAppContainerNamedObjectPath [0x77077A9E+286]\n\tRtlGetAppContainerNamedObjectPath [0x77077A6E+238]\n\r\n\tat org.springframework.beans.factory.support.ConstructorResolver.instantiate(ConstructorResolver.java:627)\r\n\tat org.springframework.beans.factory.support.ConstructorResolver.instantiateUsingFactoryMethod(ConstructorResolver.java:456)\r\n\tat org.springframework.beans.factory.support.AbstractAutowireCapableBeanFactory.instantiateUsingFactoryMethod(AbstractAutowireCapableBeanFactory.java:1288)\r\n\tat org.springframework.beans.factory.support.AbstractAutowireCapableBeanFactory.createBeanInstance(AbstractAutowireCapableBeanFactory.java:1127)\r\n\tat org.springframework.beans.factory.support.AbstractAutowireCapableBeanFactory.doCreateBean(AbstractAutowireCapableBeanFactory.java:538)\r\n\tat org.springframework.beans.factory.support.AbstractAutowireCapableBeanFactory.createBean(AbstractAutowireCapableBeanFactory.java:498)\r\n\tat org.springframework.beans.factory.support.AbstractBeanFactory.lambda$doGetBean$1(AbstractBeanFactory.java:356)\r\n\tat io.cucumber.spring.GlueCodeScope.get(GlueCodeScope.java:13)\r\n\tat org.springframework.beans.factory.support.AbstractBeanFactory.doGetBean(AbstractBeanFactory.java:353)\r\n\tat org.springframework.beans.factory.support.AbstractBeanFactory.getBean(AbstractBeanFactory.java:199)\r\n\tat org.springframework.beans.factory.config.DependencyDescriptor.resolveCandidate(DependencyDescriptor.java:277)\r\n\tat org.springframework.beans.factory.support.DefaultListableBeanFactory.doResolveDependency(DefaultListableBeanFactory.java:1244)\r\n\tat org.springframework.beans.factory.support.DefaultListableBeanFactory.resolveDependency(DefaultListableBeanFactory.java:1164)\r\n\tat org.springframework.beans.factory.annotation.AutowiredAnnotationBeanPostProcessor$AutowiredFieldElement.inject(AutowiredAnnotationBeanPostProcessor.java:593)\r\n\t... 61 more\r\nCaused by: org.springframework.beans.BeanInstantiationException: Failed to instantiate [org.openqa.selenium.WebDriver]: Factory method 'getDriver' threw exception; nested exception is org.openqa.selenium.SessionNotCreatedException: session not created: This version of ChromeDriver only supports Chrome version 89\nCurrent browser version is 93.0.4577.82 with binary path C:\\Program Files\\Google\\Chrome\\Application\\chrome.exe\nBuild info: version: '4.0.0-alpha-4', revision: 'c2d955b49e'\nSystem info: host: 'LAPTOP-MJUGMV72', ip: '10.8.48.251', os.name: 'Windows 10', os.arch: 'amd64', os.version: '10.0', java.version: '16.0.1'\nDriver info: driver.version: ChromeDriver\nremote stacktrace: Backtrace:\n\tOrdinal0 [0x00A4E7D3+124883]\n\tOrdinal0 [0x00A4E7B1+124849]\n\tGetHandleVerifier [0x00C98688+193832]\n\tGetHandleVerifier [0x00CB3AC5+305509]\n\tGetHandleVerifier [0x00CB021B+291003]\n\tGetHandleVerifier [0x00CAE0AC+282444]\n\tGetHandleVerifier [0x00CD4A90+440624]\n\tGetHandleVerifier [0x00CD47FC+439964]\n\tGetHandleVerifier [0x00CD154B+426987]\n\tGetHandleVerifier [0x00CB4FFD+310941]\n\tGetHandleVerifier [0x00CB5D8E+314414]\n\tGetHandleVerifier [0x00CB5D19+314297]\n\tGetHandleVerifier [0x00D731EC+1089676]\n\tGetHandleVerifier [0x00D717C9+1082985]\n\tGetHandleVerifier [0x00D713A3+1081923]\n\tGetHandleVerifier [0x00E6D9FD+2115741]\n\tOrdinal0 [0x00B9B82E+1488942]\n\tOrdinal0 [0x00B35A7D+1071741]\n\tOrdinal0 [0x00B3559B+1070491]\n\tOrdinal0 [0x00B354B1+1070257]\n\tOrdinal0 [0x00B6FF53+1310547]\n\tBaseThreadInitThunk [0x7672FA29+25]\n\tRtlGetAppContainerNamedObjectPath [0x77077A9E+286]\n\tRtlGetAppContainerNamedObjectPath [0x77077A6E+238]\n\r\n\tat org.springframework.beans.factory.support.SimpleInstantiationStrategy.instantiate(SimpleInstantiationStrategy.java:185)\r\n\tat org.springframework.beans.factory.support.ConstructorResolver.instantiate(ConstructorResolver.java:622)\r\n\t... 74 more\r\nCaused by: org.openqa.selenium.SessionNotCreatedException: session not created: This version of ChromeDriver only supports Chrome version 89\nCurrent browser version is 93.0.4577.82 with binary path C:\\Program Files\\Google\\Chrome\\Application\\chrome.exe\nBuild info: version: '4.0.0-alpha-4', revision: 'c2d955b49e'\nSystem info: host: 'LAPTOP-MJUGMV72', ip: '10.8.48.251', os.name: 'Windows 10', os.arch: 'amd64', os.version: '10.0', java.version: '16.0.1'\nDriver info: driver.version: ChromeDriver\nremote stacktrace: Backtrace:\n\tOrdinal0 [0x00A4E7D3+124883]\n\tOrdinal0 [0x00A4E7B1+124849]\n\tGetHandleVerifier [0x00C98688+193832]\n\tGetHandleVerifier [0x00CB3AC5+305509]\n\tGetHandleVerifier [0x00CB021B+291003]\n\tGetHandleVerifier [0x00CAE0AC+282444]\n\tGetHandleVerifier [0x00CD4A90+440624]\n\tGetHandleVerifier [0x00CD47FC+439964]\n\tGetHandleVerifier [0x00CD154B+426987]\n\tGetHandleVerifier [0x00CB4FFD+310941]\n\tGetHandleVerifier [0x00CB5D8E+314414]\n\tGetHandleVerifier [0x00CB5D19+314297]\n\tGetHandleVerifier [0x00D731EC+1089676]\n\tGetHandleVerifier [0x00D717C9+1082985]\n\tGetHandleVerifier [0x00D713A3+1081923]\n\tGetHandleVerifier [0x00E6D9FD+2115741]\n\tOrdinal0 [0x00B9B82E+1488942]\n\tOrdinal0 [0x00B35A7D+1071741]\n\tOrdinal0 [0x00B3559B+1070491]\n\tOrdinal0 [0x00B354B1+1070257]\n\tOrdinal0 [0x00B6FF53+1310547]\n\tBaseThreadInitThunk [0x7672FA29+25]\n\tRtlGetAppContainerNamedObjectPath [0x77077A9E+286]\n\tRtlGetAppContainerNamedObjectPath [0x77077A6E+238]\n\r\n\tat java.base/jdk.internal.reflect.NativeConstructorAccessorImpl.newInstance0(Native Method)\r\n\tat java.base/jdk.internal.reflect.NativeConstructorAccessorImpl.newInstance(NativeConstructorAccessorImpl.java:78)\r\n\tat java.base/jdk.internal.reflect.DelegatingConstructorAccessorImpl.newInstance(DelegatingConstructorAccessorImpl.java:45)\r\n\tat java.base/java.lang.reflect.Constructor.newInstanceWithCaller(Constructor.java:499)\r\n\tat java.base/java.lang.reflect.Constructor.newInstance(Constructor.java:480)\r\n\tat org.openqa.selenium.remote.W3CHandshakeResponse.lambda$errorHandler$0(W3CHandshakeResponse.java:62)\r\n\tat org.openqa.selenium.remote.HandshakeResponse.lambda$getResponseFunction$0(HandshakeResponse.java:30)\r\n\tat org.openqa.selenium.remote.ProtocolHandshake.lambda$createSession$1(ProtocolHandshake.java:126)\r\n\tat java.base/java.util.stream.ReferencePipeline$3$1.accept(ReferencePipeline.java:197)\r\n\tat java.base/java.util.Spliterators$ArraySpliterator.tryAdvance(Spliterators.java:958)\r\n\tat java.base/java.util.stream.ReferencePipeline.forEachWithCancel(ReferencePipeline.java:129)\r\n\tat java.base/java.util.stream.AbstractPipeline.copyIntoWithCancel(AbstractPipeline.java:502)\r\n\tat java.base/java.util.stream.AbstractPipeline.copyInto(AbstractPipeline.java:488)\r\n\tat java.base/java.util.stream.AbstractPipeline.wrapAndCopyInto(AbstractPipeline.java:474)\r\n\tat java.base/java.util.stream.FindOps$FindOp.evaluateSequential(FindOps.java:150)\r\n\tat java.base/java.util.stream.AbstractPipeline.evaluate(AbstractPipeline.java:234)\r\n\tat java.base/java.util.stream.ReferencePipeline.findFirst(ReferencePipeline.java:647)\r\n\tat org.openqa.selenium.remote.ProtocolHandshake.createSession(ProtocolHandshake.java:128)\r\n\tat org.openqa.selenium.remote.ProtocolHandshake.createSession(ProtocolHandshake.java:75)\r\n\tat org.openqa.selenium.remote.HttpCommandExecutor.execute(HttpCommandExecutor.java:139)\r\n\tat org.openqa.selenium.remote.service.DriverCommandExecutor.execute(DriverCommandExecutor.java:83)\r\n\tat org.openqa.selenium.remote.RemoteWebDriver.execute(RemoteWebDriver.java:582)\r\n\tat org.openqa.selenium.remote.RemoteWebDriver.startSession(RemoteWebDriver.java:216)\r\n\tat org.openqa.selenium.remote.RemoteWebDriver.<init>(RemoteWebDriver.java:136)\r\n\tat org.openqa.selenium.chromium.ChromiumDriver.<init>(ChromiumDriver.java:75)\r\n\tat org.openqa.selenium.chrome.ChromeDriver.<init>(ChromeDriver.java:163)\r\n\tat org.openqa.selenium.chrome.ChromeDriver.<init>(ChromeDriver.java:150)\r\n\tat org.openqa.selenium.chrome.ChromeDriver.<init>(ChromeDriver.java:105)\r\n\tat ar.com.lasegunda.utiles.driversBrowser.ChromeDriverManager.createDriver(ChromeDriverManager.java:12)\r\n\tat ar.com.lasegunda.utiles.driversBrowser.DriverManager.getDriver(DriverManager.java:18)\r\n\tat ar.com.lasegunda.utiles.configuracionSpring.SpringConfig.getDriver(SpringConfig.java:40)\r\n\tat ar.com.lasegunda.utiles.configuracionSpring.SpringConfig$$EnhancerBySpringCGLIB$$5ccb845e.CGLIB$getDriver$1(<generated>)\r\n\tat ar.com.lasegunda.utiles.configuracionSpring.SpringConfig$$EnhancerBySpringCGLIB$$5ccb845e$$FastClassBySpringCGLIB$$6f70626d.invoke(<generated>)\r\n\tat org.springframework.cglib.proxy.MethodProxy.invokeSuper(MethodProxy.java:244)\r\n\tat org.springframework.context.annotation.ConfigurationClassEnhancer$BeanMethodInterceptor.intercept(ConfigurationClassEnhancer.java:363)\r\n\tat ar.com.lasegunda.utiles.configuracionSpring.SpringConfig$$EnhancerBySpringCGLIB$$5ccb845e.getDriver(<generated>)\r\n\tat java.base/jdk.internal.reflect.NativeMethodAccessorImpl.invoke0(Native Method)\r\n\tat java.base/jdk.internal.reflect.NativeMethodAccessorImpl.invoke(NativeMethodAccessorImpl.java:78)\r\n\tat java.base/jdk.internal.reflect.DelegatingMethodAccessorImpl.invoke(DelegatingMethodAccessorImpl.java:43)\r\n\tat java.base/java.lang.reflect.Method.invoke(Method.java:567)\r\n\tat org.springframework.beans.factory.support.SimpleInstantiationStrategy.instantiate(SimpleInstantiationStrategy.java:154)\r\n\t... 75 more\r\n"},"stage":"finished","steps":[{"name":"Given  Un usuario que ingresa a la pagina \"https://segurosparametricosagro-desa.npapps.lasegunda.com.ar/\"","status":"skipped","statusDetails":{"known":false,"muted":false,"flaky":false},"stage":"finished","steps":[],"attachments":[],"parameters":[],"start":1632487780738,"stop":1632487780741},{"name":"And  Completa  los campos y presiona ingresar","status":"skipped","statusDetails":{"known":false,"muted":false,"flaky":false},"stage":"finished","steps":[],"attachments":[{"name":"Data table","source":"ad9b95df-1649-4020-a8a0-f95b5c00ba8e-attachment.csv","type":"text/tab-separated-values"}],"parameters":[],"start":1632487780742,"stop":1632487780746},{"name":"When  Completa los Datos Mímimos de Cotizacion","status":"skipped","statusDetails":{"known":false,"muted":false,"flaky":false},"stage":"finished","steps":[],"attachments":[{"name":"Data table","source":"ba17f443-ccac-4e41-a4a7-6348daa1c41e-attachment.csv","type":"text/tab-separated-values"}],"parameters":[],"start":1632487780746,"stop":1632487780748},{"name":"And  Presiona Continuar","status":"skipped","statusDetails":{"known":false,"muted":false,"flaky":false},"stage":"finished","steps":[],"attachments":[],"parameters":[],"start":1632487780748,"stop":1632487780748},{"name":"And  Presiona NUEVA COTIZACION","status":"skipped","statusDetails":{"known":false,"muted":false,"flaky":false},"stage":"finished","steps":[],"attachments":[],"parameters":[],"start":1632487780749,"stop":1632487780749},{"name":"When  Completa los DATOS DE LOCALIZACION DEL BIEN ASEGURABLE","status":"skipped","statusDetails":{"known":false,"muted":false,"flaky":false},"stage":"finished","steps":[],"attachments":[{"name":"Data table","source":"0e263fc8-d876-4db0-96e7-55a26cbd1557-attachment.csv","type":"text/tab-separated-values"}],"parameters":[],"start":1632487780749,"stop":1632487780751},{"name":"And  Presiona SIGUIENTE","status":"skipped","statusDetails":{"known":false,"muted":false,"flaky":false},"stage":"finished","steps":[],"attachments":[],"parameters":[],"start":1632487780751,"stop":1632487780751},{"name":"When  Selecciona como cultivo la opcion \"Soja Primera\"","status":"skipped","statusDetails":{"known":false,"muted":false,"flaky":false},"stage":"finished","steps":[],"attachments":[],"parameters":[],"start":1632487780752,"stop":1632487780752},{"name":"And  Completa los VALORES DEL BIEN ASEGURABLE","status":"skipped","statusDetails":{"known":false,"muted":false,"flaky":false},"stage":"finished","steps":[],"attachments":[{"name":"Data table","source":"51adb404-e667-4398-95a0-5b1f434fb8fe-attachment.csv","type":"text/tab-separated-values"}],"parameters":[],"start":1632487780752,"stop":1632487780753},{"name":"And  Se selcciona como opcion de banda la opcion \"Doble Banda\"","status":"skipped","statusDetails":{"known":false,"muted":false,"flaky":false},"stage":"finished","steps":[],"attachments":[],"parameters":[],"start":1632487780753,"stop":1632487780754},{"name":"And  Presiona Continuar","status":"skipped","statusDetails":{"known":false,"muted":false,"flaky":false},"stage":"finished","steps":[],"attachments":[],"parameters":[],"start":1632487780754,"stop":1632487780754},{"name":"When  Se completan los datos del Tomador","status":"skipped","statusDetails":{"known":false,"muted":false,"flaky":false},"stage":"finished","steps":[],"attachments":[{"name":"Data table","source":"eb946524-271a-4846-9e75-483467e308f4-attachment.csv","type":"text/tab-separated-values"}],"parameters":[],"start":1632487780754,"stop":1632487780755},{"name":"When  Se completan los datos del Asegurado usando datos del Tomador","status":"skipped","statusDetails":{"known":false,"muted":false,"flaky":false},"stage":"finished","steps":[],"attachments":[],"parameters":[],"start":1632487780756,"stop":1632487780756},{"name":"And  Presiona Continuar","status":"skipped","statusDetails":{"known":false,"muted":false,"flaky":false},"stage":"finished","steps":[],"attachments":[],"parameters":[],"start":1632487780756,"stop":1632487780756},{"name":"Then  Se valida que en el Resumen se muestren correctamente los datos del bien asegurable","status":"skipped","statusDetails":{"known":false,"muted":false,"flaky":false},"stage":"finished","steps":[],"attachments":[],"parameters":[],"start":1632487780756,"stop":1632487780757}],"attachments":[],"parameters":[],"start":1632487779280,"stop":1632487782297,"uuid":"4a0e64ba-e380-4f0c-bcad-7f70594a404d","historyId":"b91a12ce8ee3d8399cc14326a9e9ea1b","fullName":"GRANIZO - SEGURO PARAMETRICO: Se genera una propuesta de Seguro Paramétrico","labels":[{"name":"tag","value":"High"},{"name":"host","value":"LAPTOP-MJUGMV72"},{"name":"thread","value":"15988@LAPTOP-MJUGMV72.main(1)"},{"name":"feature","value":"GRANIZO - SEGURO PARAMETRICO"},{"name":"story","value":"Se genera una propuesta de Seguro Paramétrico"},{"name":"suite","value":"GRANIZO - SEGURO PARAMETRICO"},{"name":"testClass","value":"Se genera una propuesta de Seguro Paramétrico"},{"name":"framework","value":"cucumber4jvm"},{"name":"language","value":"java"},{"name":"gherkin_uri","value":"file:///C:/Users/Nicolas/Desktop/CESIG/template_web_spring/src/test/resources/features/Generico.feature"},{"name":"package","value":"src.test.resources.features.Generico_feature.GRANIZO - SEGURO PARAMETRICO"}],"links":[]}